Build started 8/14/2017 15:15:58.
     1>Project "E:\Repositories\Workshop_Materials\C_Workshop_Files\C_Works_000\C_Works_000\C_Works_000.vcxproj" on node 2 (Build target(s)).
     1>ClCompile:
         C:\Program Files (x86)\Microsoft Visual Studio 12.0\VC\bin\CL.exe /c /ZI /nologo /W3 /WX- /sdl /Od /Oy- /D WIN32 /D _DEBUG /D _CONSOLE /D _LIB /D _UNICODE /D UNICODE /Gm /EHsc /RTC1 /MDd /GS /fp:precise /Zc:wchar_t /Zc:forScope /Fo"Debug\\" /Fd"Debug\vc120.pdb" /Gd /TC /analyze- /errorReport:prompt Works_001.c
         Works_001.c
       Link:
         C:\Program Files (x86)\Microsoft Visual Studio 12.0\VC\bin\link.exe /ERRORREPORT:PROMPT /OUT:"E:\Repositories\Workshop_Materials\C_Workshop_Files\C_Works_000\Debug\C_Works_000.exe" /INCREMENTAL /NOLOGO kernel32.lib user32.lib gdi32.lib winspool.lib comdlg32.lib advapi32.lib shell32.lib ole32.lib oleaut32.lib uuid.lib odbc32.lib odbccp32.lib /MANIFEST /MANIFESTUAC:"level='asInvoker' uiAccess='false'" /manifest:embed /DEBUG /PDB:"E:\Repositories\Workshop_Materials\C_Workshop_Files\C_Works_000\Debug\C_Works_000.pdb" /SUBSYSTEM:CONSOLE /TLBID:1 /DYNAMICBASE /NXCOMPAT /IMPLIB:"E:\Repositories\Workshop_Materials\C_Workshop_Files\C_Works_000\Debug\C_Works_000.lib" /MACHINE:X86 Debug\Works_000.obj
         Debug\Works_001.obj
     1>Works_001.obj : error LNK2005: _main already defined in Works_000.obj
     1>E:\Repositories\Workshop_Materials\C_Workshop_Files\C_Works_000\Debug\C_Works_000.exe : fatal error LNK1169: one or more multiply defined symbols found
     1>Done Building Project "E:\Repositories\Workshop_Materials\C_Workshop_Files\C_Works_000\C_Works_000\C_Works_000.vcxproj" (Build target(s)) -- FAILED.

Build FAILED.

Time Elapsed 00:00:00.29
